[debug] [2024-10-19T12:42:26.145Z] ----------------------------------------------------------------------
[debug] [2024-10-19T12:42:26.158Z] Command:       C:\Program Files\nodejs\node.exe C:\Users\IMHOTEP\AppData\Roaming\npm\node_modules\firebase-tools\lib\bin\firebase.js deploy --project my-dropbox-app
[debug] [2024-10-19T12:42:26.160Z] CLI Version:   13.22.0
[debug] [2024-10-19T12:42:26.161Z] Platform:      win32
[debug] [2024-10-19T12:42:26.161Z] Node Version:  v20.10.0
[debug] [2024-10-19T12:42:26.162Z] Time:          Sat Oct 19 2024 13:42:26 GMT+0100 (heure normale d’Afrique de l’Ouest)
[debug] [2024-10-19T12:42:26.163Z] ----------------------------------------------------------------------
[debug] 
[debug] [2024-10-19T12:42:26.625Z] > command requires scopes: ["email","openid","https://www.googleapis.com/auth/cloudplatformprojects.readonly","https://www.googleapis.com/auth/firebase","https://www.googleapis.com/auth/cloud-platform"]
[debug] [2024-10-19T12:42:26.628Z] > authorizing via signed-in user (kougangsopjio@gmail.com)
[debug] [2024-10-19T12:42:26.636Z] [iam] checking project my-dropbox-app for permissions ["firebase.projects.get","firebasehosting.sites.update"]
[debug] [2024-10-19T12:42:26.642Z] Checked if tokens are valid: false, expires at: 1729108497273
[debug] [2024-10-19T12:42:26.643Z] Checked if tokens are valid: false, expires at: 1729108497273
[debug] [2024-10-19T12:42:26.645Z] > refreshing access token with scopes: []
[debug] [2024-10-19T12:42:26.653Z] >>> [apiv2][query] POST https://www.googleapis.com/oauth2/v3/token [none]
[debug] [2024-10-19T12:42:26.654Z] >>> [apiv2][body] POST https://www.googleapis.com/oauth2/v3/token [omitted]
[debug] [2024-10-19T12:42:27.708Z] <<< [apiv2][status] POST https://www.googleapis.com/oauth2/v3/token 200
[debug] [2024-10-19T12:42:27.710Z] <<< [apiv2][body] POST https://www.googleapis.com/oauth2/v3/token [omitted]
[debug] [2024-10-19T12:42:27.897Z] >>> [apiv2][query] POST https://cloudresourcemanager.googleapis.com/v1/projects/my-dropbox-app:testIamPermissions [none]
[debug] [2024-10-19T12:42:27.898Z] >>> [apiv2][(partial)header] POST https://cloudresourcemanager.googleapis.com/v1/projects/my-dropbox-app:testIamPermissions x-goog-quota-user=projects/my-dropbox-app
[debug] [2024-10-19T12:42:27.899Z] >>> [apiv2][body] POST https://cloudresourcemanager.googleapis.com/v1/projects/my-dropbox-app:testIamPermissions {"permissions":["firebase.projects.get","firebasehosting.sites.update"]}
[debug] [2024-10-19T12:42:29.639Z] <<< [apiv2][status] POST https://cloudresourcemanager.googleapis.com/v1/projects/my-dropbox-app:testIamPermissions 200
[debug] [2024-10-19T12:42:29.639Z] <<< [apiv2][body] POST https://cloudresourcemanager.googleapis.com/v1/projects/my-dropbox-app:testIamPermissions {}
[debug] [2024-10-19T12:42:29.640Z] [iam] error while checking permissions, command may fail: FirebaseError: Authorization failed. This account is missing the following required permissions on project my-dropbox-app:

  firebase.projects.get
  firebasehosting.sites.update
[debug] [2024-10-19T12:42:29.641Z] Checked if tokens are valid: true, expires at: 1729345346711
[debug] [2024-10-19T12:42:29.642Z] Checked if tokens are valid: true, expires at: 1729345346711
[debug] [2024-10-19T12:42:29.643Z] >>> [apiv2][query] GET https://firebase.googleapis.com/v1beta1/projects/my-dropbox-app [none]
[debug] [2024-10-19T12:42:30.741Z] <<< [apiv2][status] GET https://firebase.googleapis.com/v1beta1/projects/my-dropbox-app 403
[debug] [2024-10-19T12:42:30.742Z] <<< [apiv2][body] GET https://firebase.googleapis.com/v1beta1/projects/my-dropbox-app {"error":{"code":403,"message":"The caller does not have permission","status":"PERMISSION_DENIED"}}
[debug] [2024-10-19T12:42:30.745Z] HTTP Error: 403, The caller does not have permission
[debug] [2024-10-19T12:42:31.412Z] FirebaseError: HTTP Error: 403, The caller does not have permission
    at responseToError (C:\Users\IMHOTEP\AppData\Roaming\npm\node_modules\firebase-tools\lib\responseToError.js:49:12)
    at RetryOperation._fn (C:\Users\IMHOTEP\AppData\Roaming\npm\node_modules\firebase-tools\lib\apiv2.js:312:77)
    at process.processTicksAndRejections (node:internal/process/task_queues:95:5)
[error] 
[error] Error: Failed to get Firebase project my-dropbox-app. Please make sure the project exists and your account has permission to access it.
